<?xml version="1.0" encoding="UTF-8"?>
<testng-results ignored="0" total="3" passed="3" failed="0" skipped="0">
  <reporter-output>
  </reporter-output>
  <suite started-at="2022-07-26T12:31:03 IST" name="Suite" finished-at="2022-07-26T12:31:19 IST" duration-ms="16194">
    <groups>
    </groups>
    <test started-at="2022-07-26T12:31:03 IST" name="Test" finished-at="2022-07-26T12:31:19 IST" duration-ms="16194">
      <class name="Mobile_world.Signup">
        <test-method signature="signup()[pri:0, instance:Mobile_world.Signup@1817d444]" started-at="2022-07-26T12:31:03 IST" name="signup" finished-at="2022-07-26T12:31:08 IST" duration-ms="5113" status="PASS">
          <reporter-output>
          </reporter-output>
        </test-method> <!-- signup -->
      </class> <!-- Mobile_world.Signup -->
      <class name="Mobile_world.ContactUs">
        <test-method signature="contactus()[pri:0, instance:Mobile_world.ContactUs@3d74bf60]" started-at="2022-07-26T12:31:16 IST" name="contactus" finished-at="2022-07-26T12:31:19 IST" duration-ms="3591" status="PASS">
          <reporter-output>
          </reporter-output>
        </test-method> <!-- contactus -->
      </class> <!-- Mobile_world.ContactUs -->
      <class name="Mobile_world.Order">
        <test-method signature="order()[pri:0, instance:Mobile_world.Order@15c43bd9]" started-at="2022-07-26T12:31:08 IST" name="order" finished-at="2022-07-26T12:31:16 IST" duration-ms="7446" status="PASS">
          <reporter-output>
          </reporter-output>
        </test-method> <!-- order -->
      </class> <!-- Mobile_world.Order -->
    </test> <!-- Test -->
  </suite> <!-- Suite -->
</testng-results>
