<?xml version="1.0" encoding="UTF-8"?>
<!-- Generated by org.testng.reporters.JUnitXMLReporter -->
<testsuite ignored="0" hostname="QT-INBG-LT0345" failures="0" tests="3" name="Test" time="16.194" errors="0" timestamp="2022-07-26T12:31:19 IST">
  <testcase classname="Mobile_world.Signup" name="signup" time="5.113"/>
  <testcase classname="Mobile_world.Order" name="order" time="7.446"/>
  <testcase classname="Mobile_world.ContactUs" name="contactus" time="3.591"/>
</testsuite> <!-- Test -->
